# JRE version: OpenJDK Runtime Environment (8.0_112-b06) (build 1.8.0_112-release-b06)
# Java VM: OpenJDK 64-Bit Server VM (25.112-b06 mixed mode windows-amd64 compressed oops)
Heap:
 PSYoungGen      total 303616K, used 303592K [0x00000000e0000000, 0x00000000f5980000, 0x0000000100000000)
  eden space 268800K, 100% used [0x00000000e0000000,0x00000000f0680000,0x00000000f0680000)
  from space 34816K, 99% used [0x00000000f3280000,0x00000000f547a140,0x00000000f5480000)
  to   space 42496K, 99% used [0x00000000f0680000,0x00000000f2fff100,0x00000000f3000000)
 ParOldGen       total 143872K, used 71273K [0x00000000a0000000, 0x00000000a8c80000, 0x00000000e0000000)
  object space 143872K, 49% used [0x00000000a0000000,0x00000000a459a760,0x00000000a8c80000)
 Metaspace       used 75969K, capacity 79556K, committed 79872K, reserved 1118208K
  class space    used 9688K, capacity 10396K, committed 10496K, reserved 1048576K
GC Heap History (10 events):
Event: 19.079 GC heap after
Heap after GC invocations=21 (full 3):
 PSYoungGen      total 282624K, used 30318K [0x00000000e0000000, 0x00000000f4700000, 0x0000000100000000)
  eden space 250880K, 0% used [0x00000000e0000000,0x00000000e0000000,0x00000000ef500000)
  from space 31744K, 95% used [0x00000000f1900000,0x00000000f369bbb8,0x00000000f3800000)
  to   space 36864K, 0% used [0x00000000ef500000,0x00000000ef500000,0x00000000f1900000)
 ParOldGen       total 143872K, used 62669K [0x00000000a0000000, 0x00000000a8c80000, 0x00000000e0000000)
  object space 143872K, 43% used [0x00000000a0000000,0x00000000a3d33718,0x00000000a8c80000)
 Metaspace       used 64638K, capacity 66790K, committed 66944K, reserved 1107968K
  class space    used 8328K, capacity 8787K, committed 8832K, reserved 1048576K
}
Event: 21.075 GC heap before
{Heap before GC invocations=22 (full 3):
 PSYoungGen      total 282624K, used 280427K [0x00000000e0000000, 0x00000000f4700000, 0x0000000100000000)
  eden space 250880K, 99% used [0x00000000e0000000,0x00000000ef43f378,0x00000000ef500000)
  from space 31744K, 95% used [0x00000000f1900000,0x00000000f369bbb8,0x00000000f3800000)
  to   space 36864K, 0% used [0x00000000ef500000,0x00000000ef500000,0x00000000f1900000)
 ParOldGen       total 143872K, used 62669K [0x00000000a0000000, 0x00000000a8c80000, 0x00000000e0000000)
  object space 143872K, 43% used [0x00000000a0000000,0x00000000a3d33718,0x00000000a8c80000)
 Metaspace       used 65839K, capacity 68008K, committed 68352K, reserved 1107968K
  class space    used 8496K, capacity 8932K, committed 8960K, reserved 1048576K
Event: 21.082 GC heap after
Heap after GC invocations=22 (full 3):
 PSYoungGen      total 287744K, used 6836K [0x00000000e0000000, 0x00000000f6700000, 0x0000000100000000)
  eden space 250880K, 0% used [0x00000000e0000000,0x00000000e0000000,0x00000000ef500000)
  from space 36864K, 18% used [0x00000000ef500000,0x00000000efbad398,0x00000000f1900000)
  to   space 35840K, 0% used [0x00000000f4400000,0x00000000f4400000,0x00000000f6700000)
 ParOldGen       total 143872K, used 64728K [0x00000000a0000000, 0x00000000a8c80000, 0x00000000e0000000)
  object space 143872K, 44% used [0x00000000a0000000,0x00000000a3f36100,0x00000000a8c80000)
 Metaspace       used 65839K, capacity 68008K, committed 68352K, reserved 1107968K
  class space    used 8496K, capacity 8932K, committed 8960K, reserved 1048576K
}
Event: 23.000 GC heap before
{Heap before GC invocations=23 (full 3):
 PSYoungGen      total 287744K, used 257716K [0x00000000e0000000, 0x00000000f6700000, 0x0000000100000000)
  eden space 250880K, 100% used [0x00000000e0000000,0x00000000ef500000,0x00000000ef500000)
  from space 36864K, 18% used [0x00000000ef500000,0x00000000efbad398,0x00000000f1900000)
  to   space 35840K, 0% used [0x00000000f4400000,0x00000000f4400000,0x00000000f6700000)
 ParOldGen       total 143872K, used 64728K [0x00000000a0000000, 0x00000000a8c80000, 0x00000000e0000000)
  object space 143872K, 44% used [0x00000000a0000000,0x00000000a3f36100,0x00000000a8c80000)
 Metaspace       used 67721K, capacity 69990K, committed 70400K, reserved 1110016K
  class space    used 8642K, capacity 9107K, committed 9216K, reserved 1048576K
Event: 23.004 GC heap after
Heap after GC invocations=23 (full 3):
 PSYoungGen      total 318464K, used 2967K [0x00000000e0000000, 0x00000000f6000000, 0x0000000100000000)
  eden space 289792K, 0% used [0x00000000e0000000,0x00000000e0000000,0x00000000f1b00000)
  from space 28672K, 10% used [0x00000000f4400000,0x00000000f46e5ff8,0x00000000f6000000)
  to   space 35328K, 0% used [0x00000000f1b00000,0x00000000f1b00000,0x00000000f3d80000)
 ParOldGen       total 143872K, used 64736K [0x00000000a0000000, 0x00000000a8c80000, 0x00000000e0000000)
  object space 143872K, 44% used [0x00000000a0000000,0x00000000a3f38100,0x00000000a8c80000)
 Metaspace       used 67721K, capacity 69990K, committed 70400K, reserved 1110016K
  class space    used 8642K, capacity 9107K, committed 9216K, reserved 1048576K
}
Event: 6797.193 GC heap before
{Heap before GC invocations=24 (full 3):
 PSYoungGen      total 318464K, used 292759K [0x00000000e0000000, 0x00000000f6000000, 0x0000000100000000)
  eden space 289792K, 100% used [0x00000000e0000000,0x00000000f1b00000,0x00000000f1b00000)
  from space 28672K, 10% used [0x00000000f4400000,0x00000000f46e5ff8,0x00000000f6000000)
  to   space 35328K, 0% used [0x00000000f1b00000,0x00000000f1b00000,0x00000000f3d80000)
 ParOldGen       total 143872K, used 64736K [0x00000000a0000000, 0x00000000a8c80000, 0x00000000e0000000)
  object space 143872K, 44% used [0x00000000a0000000,0x00000000a3f38100,0x00000000a8c80000)
 Metaspace       used 72056K, capacity 75106K, committed 75264K, reserved 1114112K
  class space    used 9340K, capacity 9973K, committed 9984K, reserved 1048576K
Event: 6797.485 GC heap after
Heap after GC invocations=24 (full 3):
 PSYoungGen      total 296448K, used 17340K [0x00000000e0000000, 0x00000000f5480000, 0x0000000100000000)
  eden space 279040K, 0% used [0x00000000e0000000,0x00000000e0000000,0x00000000f1080000)
  from space 17408K, 99% used [0x00000000f1b00000,0x00000000f2bef1f0,0x00000000f2c00000)
  to   space 34816K, 0% used [0x00000000f3280000,0x00000000f3280000,0x00000000f5480000)
 ParOldGen       total 143872K, used 64744K [0x00000000a0000000, 0x00000000a8c80000, 0x00000000e0000000)
  object space 143872K, 45% used [0x00000000a0000000,0x00000000a3f3a100,0x00000000a8c80000)
 Metaspace       used 72056K, capacity 75106K, committed 75264K, reserved 1114112K
  class space    used 9340K, capacity 9973K, committed 9984K, reserved 1048576K
}
Event: 6805.803 GC heap before
{Heap before GC invocations=25 (full 3):
 PSYoungGen      total 296448K, used 296380K [0x00000000e0000000, 0x00000000f5480000, 0x0000000100000000)
  eden space 279040K, 100% used [0x00000000e0000000,0x00000000f1080000,0x00000000f1080000)
  from space 17408K, 99% used [0x00000000f1b00000,0x00000000f2bef1f0,0x00000000f2c00000)
  to   space 34816K, 0% used [0x00000000f3280000,0x00000000f3280000,0x00000000f5480000)
 ParOldGen       total 143872K, used 64744K [0x00000000a0000000, 0x00000000a8c80000, 0x00000000e0000000)
  object space 143872K, 45% used [0x00000000a0000000,0x00000000a3f3a100,0x00000000a8c80000)
 Metaspace       used 75509K, capacity 78934K, committed 78976K, reserved 1118208K
  class space    used 9666K, capacity 10363K, committed 10368K, reserved 1048576K
Event: 6805.863 GC heap after
Heap after GC invocations=25 (full 3):
 PSYoungGen      total 303616K, used 34792K [0x00000000e0000000, 0x00000000f5980000, 0x0000000100000000)
  eden space 268800K, 0% used [0x00000000e0000000,0x00000000e0000000,0x00000000f0680000)
  from space 34816K, 99% used [0x00000000f3280000,0x00000000f547a140,0x00000000f5480000)
  to   space 42496K, 0% used [0x00000000f0680000,0x00000000f0680000,0x00000000f3000000)
 ParOldGen       total 143872K, used 70149K [0x00000000a0000000, 0x00000000a8c80000, 0x00000000e0000000)
  object space 143872K, 48% used [0x00000000a0000000,0x00000000a4481750,0x00000000a8c80000)
 Metaspace       used 75509K, capacity 78934K, committed 78976K, reserved 1118208K
  class space    used 9666K, capacity 10363K, committed 10368K, reserved 1048576K
}
Event: 6891.214 GC heap before
{Heap before GC invocations=26 (full 3):
 PSYoungGen      total 303616K, used 303592K [0x00000000e0000000, 0x00000000f5980000, 0x0000000100000000)
  eden space 268800K, 100% used [0x00000000e0000000,0x00000000f0680000,0x00000000f0680000)
  from space 34816K, 99% used [0x00000000f3280000,0x00000000f547a140,0x00000000f5480000)
  to   space 42496K, 0% used [0x00000000f0680000,0x00000000f0680000,0x00000000f3000000)
 ParOldGen       total 143872K, used 70149K [0x00000000a0000000, 0x00000000a8c80000, 0x00000000e0000000)
  object space 143872K, 48% used [0x00000000a0000000,0x00000000a4481750,0x00000000a8c80000)
 Metaspace       used 75969K, capacity 79556K, committed 79872K, reserved 1118208K
  class space    used 9688K, capacity 10396K, committed 10496K, reserved 1048576K

